[2017-08-20 16:04:59] Текст ошибки: Страница не найдена | Файл: D:\WebServer\domains\ishop2.loc\public\index.php | Строка: 8
=================
[2017-08-20 16:05:11] Текст ошибки: Страница не найдена | Файл: D:\WebServer\domains\ishop2.loc\public\index.php | Строка: 8
=================
[2017-08-20 16:05:16] Текст ошибки: Страница не найдена | Файл: D:\WebServer\domains\ishop2.loc\public\index.php | Строка: 8
=================
[2017-08-20 16:05:25] Текст ошибки: Страница не найдена | Файл: D:\WebServer\domains\ishop2.loc\public\index.php | Строка: 8
=================
[2017-08-20 16:05:37] Текст ошибки: Страница не найдена | Файл: D:\WebServer\domains\ishop2.loc\public\index.php | Строка: 8
=================
[2017-08-20 16:05:46] Текст ошибки: Страница не найдена | Файл: D:\WebServer\domains\ishop2.loc\public\index.php | Строка: 8
=================
[2017-08-20 16:07:33] Текст ошибки: Страница не найдена!!! | Файл: D:\WebServer\domains\ishop2.loc\public\index.php | Строка: 8
=================
[2017-08-20 16:08:53] Текст ошибки: Страница не найдена!!! | Файл: D:\WebServer\domains\ishop2.loc\public\index.php | Строка: 8
=================
[2017-08-20 16:09:00] Текст ошибки: Страница не найдена!!! | Файл: D:\WebServer\domains\ishop2.loc\public\index.php | Строка: 8
=================
[2017-08-20 16:09:04] Текст ошибки: Страница не найдена!!! | Файл: D:\WebServer\domains\ishop2.loc\public\index.php | Строка: 8
=================
[2017-08-20 16:10:32] Текст ошибки: Страница не найдена!!! | Файл: D:\WebServer\domains\ishop2.loc\public\index.php | Строка: 8
=================
[2017-08-20 16:10:37] Текст ошибки: Страница не найдена!!! | Файл: D:\WebServer\domains\ishop2.loc\public\index.php | Строка: 8
=================
[2017-08-20 16:10:48] Текст ошибки: Страница не найдена!!! | Файл: D:\WebServer\domains\ishop2.loc\public\index.php | Строка: 8
=================
[2021-02-28 10:33:30] Текст ошибки: Страница не найдена!!! | Файл: W:\domains\ishop2.loc\public\index.php | Строка: 8
=================
[2021-02-28 10:34:38] Текст ошибки: Страница не найдена!!! | Файл: W:\domains\ishop2.loc\public\index.php | Строка: 8
=================
[2021-02-28 10:37:23] Текст ошибки: Страница не найдена!!! | Файл: W:\domains\ishop2.loc\public\index.php | Строка: 8
=================
[2021-02-28 10:37:40] Текст ошибки: Страница не найдена!!! | Файл: W:\domains\ishop2.loc\public\index.php | Строка: 8
=================
[2021-02-28 10:37:41] Текст ошибки: Страница не найдена!!! | Файл: W:\domains\ishop2.loc\public\index.php | Строка: 8
=================
[2021-02-28 10:37:42] Текст ошибки: Страница не найдена!!! | Файл: W:\domains\ishop2.loc\public\index.php | Строка: 8
=================
[2021-02-28 10:37:42] Текст ошибки: Страница не найдена!!! | Файл: W:\domains\ishop2.loc\public\index.php | Строка: 8
=================
[2021-02-28 10:37:42] Текст ошибки: Страница не найдена!!! | Файл: W:\domains\ishop2.loc\public\index.php | Строка: 8
=================
[2021-02-28 10:37:51] Текст ошибки: Страница не найдена!!! | Файл: W:\domains\ishop2.loc\public\index.php | Строка: 8
=================
[2021-02-28 10:38:04] Текст ошибки: Страница не найдена!!! | Файл: W:\domains\ishop2.loc\public\index.php | Строка: 8
=================
[2021-02-28 10:38:08] Текст ошибки: Страница не найдена!!! | Файл: W:\domains\ishop2.loc\public\index.php | Строка: 8
=================
[2021-02-28 10:38:17] Текст ошибки: Страница не найдена!!! | Файл: W:\domains\ishop2.loc\public\index.php | Строка: 8
=================
[2021-02-28 10:38:51] Текст ошибки: Страница не найдена!!! | Файл: W:\domains\ishop2.loc\public\index.php | Строка: 8
=================
[2021-02-28 10:38:52] Текст ошибки: Страница не найдена!!! | Файл: W:\domains\ishop2.loc\public\index.php | Строка: 8
=================
[2021-02-28 10:40:13] Текст ошибки: Страница не найдена!!! | Файл: W:\domains\ishop2.loc\public\index.php | Строка: 8
=================
[2021-02-28 10:43:28] Текст ошибки: Страница не найдена!!! | Файл: W:\domains\ishop2.loc\public\index.php | Строка: 8
=================
[2021-02-28 10:43:49] Текст ошибки: Страница не найдена!!! | Файл: W:\domains\ishop2.loc\public\index.php | Строка: 8
=================
[2021-02-28 10:44:50] Текст ошибки: Страница не найдена!!! | Файл: W:\domains\ishop2.loc\public\index.php | Строка: 8
=================
[2021-02-28 10:44:53] Текст ошибки: Страница не найдена!!! | Файл: W:\domains\ishop2.loc\public\index.php | Строка: 8
=================
[2021-02-28 10:44:55] Текст ошибки: Страница не найдена!!! | Файл: W:\domains\ishop2.loc\public\index.php | Строка: 8
=================
[2021-02-28 10:44:55] Текст ошибки: Страница не найдена!!! | Файл: W:\domains\ishop2.loc\public\index.php | Строка: 8
=================
[2021-02-28 10:44:55] Текст ошибки: Страница не найдена!!! | Файл: W:\domains\ishop2.loc\public\index.php | Строка: 8
=================
[2021-02-28 10:45:21] Текст ошибки: Страница не найдена!!! | Файл: W:\domains\ishop2.loc\public\index.php | Строка: 8
=================
[2021-02-28 10:45:21] Текст ошибки: Страница не найдена!!! | Файл: W:\domains\ishop2.loc\public\index.php | Строка: 8
=================
[2021-02-28 10:49:42] Текст ошибки: Страница не найдена!!! | Файл: W:\domains\ishop2.loc\public\index.php | Строка: 8
=================
[2021-02-28 10:49:42] Текст ошибки: Страница не найдена!!! | Файл: W:\domains\ishop2.loc\public\index.php | Строка: 8
=================
[2021-02-28 10:49:42] Текст ошибки: Страница не найдена!!! | Файл: W:\domains\ishop2.loc\public\index.php | Строка: 8
=================
[2021-02-28 10:49:43] Текст ошибки: Страница не найдена!!! | Файл: W:\domains\ishop2.loc\public\index.php | Строка: 8
=================
[2021-02-28 10:49:43] Текст ошибки: Страница не найдена!!! | Файл: W:\domains\ishop2.loc\public\index.php | Строка: 8
=================
[2021-02-28 10:49:43] Текст ошибки: Страница не найдена!!! | Файл: W:\domains\ishop2.loc\public\index.php | Строка: 8
=================
[2021-02-28 10:50:51] Текст ошибки: Страница не найдена!!! | Файл: W:\domains\ishop2.loc\public\index.php | Строка: 8
=================
[2021-02-28 10:50:52] Текст ошибки: Страница не найдена!!! | Файл: W:\domains\ishop2.loc\public\index.php | Строка: 8
=================
[2021-02-28 10:51:33] Текст ошибки: Страница не найдена!!! | Файл: W:\domains\ishop2.loc\public\index.php | Строка: 8
=================
[2021-02-28 10:51:34] Текст ошибки: Страница не найдена!!! | Файл: W:\domains\ishop2.loc\public\index.php | Строка: 8
=================
[2021-02-28 10:51:34] Текст ошибки: Страница не найдена!!! | Файл: W:\domains\ishop2.loc\public\index.php | Строка: 8
=================
[2021-02-28 10:51:34] Текст ошибки: Страница не найдена!!! | Файл: W:\domains\ishop2.loc\public\index.php | Строка: 8
=================
[2021-02-28 10:51:34] Текст ошибки: Страница не найдена!!! | Файл: W:\domains\ishop2.loc\public\index.php | Строка: 8
=================
[2021-02-28 10:55:47] Текст ошибки: Страница не найдена!!! | Файл: W:\domains\ishop2.loc\public\index.php | Строка: 8
=================
[2021-02-28 11:00:13] Текст ошибки: Страница не найдена!!! | Файл: W:\domains\ishop2.loc\public\index.php | Строка: 8
=================
[2021-02-28 11:00:14] Текст ошибки: Страница не найдена!!! | Файл: W:\domains\ishop2.loc\public\index.php | Строка: 8
=================
[2021-02-28 11:00:15] Текст ошибки: Страница не найдена!!! | Файл: W:\domains\ishop2.loc\public\index.php | Строка: 8
=================
[2021-02-28 11:00:15] Текст ошибки: Страница не найдена!!! | Файл: W:\domains\ishop2.loc\public\index.php | Строка: 8
=================
[2021-02-28 11:00:15] Текст ошибки: Страница не найдена!!! | Файл: W:\domains\ishop2.loc\public\index.php | Строка: 8
=================
[2021-02-28 11:00:15] Текст ошибки: Страница не найдена!!! | Файл: W:\domains\ishop2.loc\public\index.php | Строка: 8
=================
[2021-02-28 11:00:15] Текст ошибки: Страница не найдена!!! | Файл: W:\domains\ishop2.loc\public\index.php | Строка: 8
=================
[2021-02-28 11:00:16] Текст ошибки: Страница не найдена!!! | Файл: W:\domains\ishop2.loc\public\index.php | Строка: 8
=================
[2021-02-28 11:00:51] Текст ошибки: Страница не найдена!!! | Файл: W:\domains\ishop2.loc\public\index.php | Строка: 8
=================
[2021-02-28 11:00:52] Текст ошибки: Страница не найдена!!! | Файл: W:\domains\ishop2.loc\public\index.php | Строка: 8
=================
[2021-02-28 11:01:01] Текст ошибки: Страница не найдена!!! | Файл: W:\domains\ishop2.loc\public\index.php | Строка: 8
=================
[2021-02-28 11:02:16] Текст ошибки: Страница не найдена!!! | Файл: W:\domains\ishop2.loc\public\index.php | Строка: 8
=================
[2021-02-28 11:02:17] Текст ошибки: Страница не найдена!!! | Файл: W:\domains\ishop2.loc\public\index.php | Строка: 8
=================
[2021-02-28 11:02:17] Текст ошибки: Страница не найдена!!! | Файл: W:\domains\ishop2.loc\public\index.php | Строка: 8
=================
[2021-02-28 11:02:17] Текст ошибки: Страница не найдена!!! | Файл: W:\domains\ishop2.loc\public\index.php | Строка: 8
=================
[2021-02-28 11:02:18] Текст ошибки: Страница не найдена!!! | Файл: W:\domains\ishop2.loc\public\index.php | Строка: 8
=================
[2021-02-28 11:04:09] Текст ошибки: Страница не найдена!!! | Файл: W:\domains\ishop2.loc\public\index.php | Строка: 8
=================
[2021-02-28 11:04:28] Текст ошибки: Страница не найдена!!! | Файл: W:\domains\ishop2.loc\public\index.php | Строка: 8
=================
[2021-02-28 11:04:29] Текст ошибки: Страница не найдена!!! | Файл: W:\domains\ishop2.loc\public\index.php | Строка: 8
=================
[2021-02-28 11:04:29] Текст ошибки: Страница не найдена!!! | Файл: W:\domains\ishop2.loc\public\index.php | Строка: 8
=================
[2021-02-28 11:04:29] Текст ошибки: Страница не найдена!!! | Файл: W:\domains\ishop2.loc\public\index.php | Строка: 8
=================
[2021-02-28 11:04:29] Текст ошибки: Страница не найдена!!! | Файл: W:\domains\ishop2.loc\public\index.php | Строка: 8
=================
[2021-02-28 11:04:30] Текст ошибки: Страница не найдена!!! | Файл: W:\domains\ishop2.loc\public\index.php | Строка: 8
=================
[2021-02-28 11:04:41] Текст ошибки: Страница не найдена!!! | Файл: W:\domains\ishop2.loc\public\index.php | Строка: 8
=================
[2021-02-28 11:04:41] Текст ошибки: Страница не найдена!!! | Файл: W:\domains\ishop2.loc\public\index.php | Строка: 8
=================
[2021-02-28 11:05:32] Текст ошибки: Страница не найдена!!! | Файл: W:\domains\ishop2.loc\public\index.php | Строка: 8
=================
[2021-02-28 11:06:25] Текст ошибки: Страница не найдена!!! | Файл: W:\domains\ishop2.loc\public\index.php | Строка: 8
=================
[2021-02-28 11:07:31] Текст ошибки: Страница не найдена!!! | Файл: W:\domains\ishop2.loc\public\index.php | Строка: 8
=================
[2021-02-28 11:07:39] Текст ошибки: Страница не найдена!!! | Файл: W:\domains\ishop2.loc\public\index.php | Строка: 8
=================
[2021-02-28 11:09:06] Текст ошибки: Страница не найдена!!! | Файл: W:\domains\ishop2.loc\public\index.php | Строка: 8
=================
[2021-02-28 11:10:04] Текст ошибки: Страница не найдена!!! | Файл: W:\domains\ishop2.loc\public\index.php | Строка: 8
=================
[2021-02-28 11:10:06] Текст ошибки: Страница не найдена!!! | Файл: W:\domains\ishop2.loc\public\index.php | Строка: 8
=================
[2021-02-28 11:10:07] Текст ошибки: Страница не найдена!!! | Файл: W:\domains\ishop2.loc\public\index.php | Строка: 8
=================
[2021-02-28 11:10:28] Текст ошибки: Страница не найдена!!! | Файл: W:\domains\ishop2.loc\public\index.php | Строка: 8
=================
[2021-02-28 11:10:29] Текст ошибки: Страница не найдена!!! | Файл: W:\domains\ishop2.loc\public\index.php | Строка: 8
=================
[2021-02-28 11:10:30] Текст ошибки: Страница не найдена!!! | Файл: W:\domains\ishop2.loc\public\index.php | Строка: 8
=================
[2021-02-28 11:11:52] Текст ошибки: Страница не найдена!!! | Файл: W:\domains\ishop2.loc\public\index.php | Строка: 8
=================
[2021-02-28 12:12:57] Текст ошибки: Страница не найдена | Файл: W:\domains\ishop2.loc\vendor\ishop\core\Router.php | Строка: 28
=================
[2021-02-28 12:13:14] Текст ошибки: Страница не найдена | Файл: W:\domains\ishop2.loc\vendor\ishop\core\Router.php | Строка: 28
=================
[2021-02-28 12:13:31] Текст ошибки: Страница не найдена | Файл: W:\domains\ishop2.loc\vendor\ishop\core\Router.php | Строка: 28
=================
[2021-02-28 12:15:50] Текст ошибки: Страница не найдена | Файл: W:\domains\ishop2.loc\vendor\ishop\core\Router.php | Строка: 28
=================
[2021-02-28 13:30:23] Текст ошибки: Контроллер app\controllers\MainNewController не найден | Файл: W:\domains\ishop2.loc\vendor\ishop\core\Router.php | Строка: 31
=================
[2021-02-28 13:32:34] Текст ошибки: Контроллер app\controllers\MainController не найден | Файл: W:\domains\ishop2.loc\vendor\ishop\core\Router.php | Строка: 31
=================
[2021-02-28 13:32:50] Текст ошибки: Контроллер app\controllers\MainController не найден | Файл: W:\domains\ishop2.loc\vendor\ishop\core\Router.php | Строка: 31
=================
[2021-02-28 13:36:31] Текст ошибки: Контроллер app\controllers\MainController не найден | Файл: W:\domains\ishop2.loc\vendor\ishop\core\Router.php | Строка: 36
=================
[2021-02-28 13:37:06] Текст ошибки: Метод app\controllers\MainController::indexAction не найден | Файл: W:\domains\ishop2.loc\vendor\ishop\core\Router.php | Строка: 33
=================
[2021-02-28 13:41:45] Текст ошибки: Контроллер app\controllers\MainController не найден | Файл: W:\domains\ishop2.loc\vendor\ishop\core\Router.php | Строка: 36
=================
[2021-02-28 13:42:07] Текст ошибки: Метод app\controllers\MainController::indexAction не найден | Файл: W:\domains\ishop2.loc\vendor\ishop\core\Router.php | Строка: 33
=================
[2021-02-28 13:42:15] Текст ошибки: syntax error, unexpected end of file, expecting function (T_FUNCTION) or const (T_CONST) | Файл: W:\domains\ishop2.loc\app\controllers\MainController.php | Строка: 11
=================
[2021-02-28 13:42:51] Текст ошибки: Контроллер app\controllers\PageController не найден | Файл: W:\domains\ishop2.loc\vendor\ishop\core\Router.php | Строка: 36
=================
[2021-02-28 13:43:27] Текст ошибки: syntax error, unexpected end of file, expecting function (T_FUNCTION) or const (T_CONST) | Файл: W:\domains\ishop2.loc\app\controllers\PageController.php | Строка: 11
=================
[2021-02-28 13:44:06] Текст ошибки: Метод app\controllers\PageController::indexAction не найден | Файл: W:\domains\ishop2.loc\vendor\ishop\core\Router.php | Строка: 33
=================
[2021-03-01 05:58:15] Текст ошибки: syntax error, unexpected '}' | Файл: W:\domains\ishop2.loc\app\views\layouts\default.php | Строка: 14
=================
[2021-03-01 05:58:19] Текст ошибки: syntax error, unexpected '}' | Файл: W:\domains\ishop2.loc\app\views\layouts\default.php | Строка: 14
=================
